<?xml version="1.0" encoding="UTF-8"?>
<testsuite name="ispl.sample.AppFirstTest" tests="2" skipped="0" failures="0" errors="0" timestamp="2018-01-16T06:34:13" hostname="ICPL10260" time="0.001">
  <properties/>
  <testcase name="testApp1" classname="ispl.sample.AppFirstTest" time="0.001"/>
  <testcase name="testApp2" classname="ispl.sample.AppFirstTest" time="0.0"/>
  <system-out><![CDATA[]]></system-out>
  <system-err><![CDATA[]]></system-err>
</testsuite>
