<?xml version="1.0" encoding="UTF-8"?>
<testsuite name="ispl.sample.AppSecondTest" tests="2" skipped="0" failures="0" errors="0" timestamp="2018-01-16T06:34:13" hostname="ICPL10260" time="0.0">
  <properties/>
  <testcase name="testApp3" classname="ispl.sample.AppSecondTest" time="0.0"/>
  <testcase name="testApp4" classname="ispl.sample.AppSecondTest" time="0.0"/>
  <system-out><![CDATA[]]></system-out>
  <system-err><![CDATA[]]></system-err>
</testsuite>
